<?xml version="1.0" encoding="UTF-8"?>
<!-- Generated by org.testng.reporters.JUnitXMLReporter -->
<testsuite hostname="DESKTOP-ST4RK9D" ignored="0" name="Default test" tests="12" failures="0" timestamp="02 Dec 2022 16:21:49 GMT" time="107.439" errors="0">
  <testcase name="ancestor" time="0.95" classname="com.obsqura.TestNGAssignment.LocatorUsingContainsTextofAndOr"/>
  <testcase name="and" time="0.87" classname="com.obsqura.TestNGAssignment.LocatorUsingContainsTextofAndOr"/>
  <testcase name="child" time="0.671" classname="com.obsqura.TestNGAssignment.LocatorUsingContainsTextofAndOr"/>
  <testcase name="containss" time="1.13" classname="com.obsqura.TestNGAssignment.LocatorUsingContainsTextofAndOr"/>
  <testcase name="following" time="0.825" classname="com.obsqura.TestNGAssignment.LocatorUsingContainsTextofAndOr"/>
  <testcase name="or" time="1.166" classname="com.obsqura.TestNGAssignment.LocatorUsingContainsTextofAndOr"/>
  <testcase name="parentAxesMethod" time="0.843" classname="com.obsqura.TestNGAssignment.LocatorUsingContainsTextofAndOr"/>
  <testcase name="preceding" time="0.704" classname="com.obsqura.TestNGAssignment.LocatorUsingContainsTextofAndOr"/>
  <testcase name="self" time="0.43" classname="com.obsqura.TestNGAssignment.LocatorUsingContainsTextofAndOr"/>
  <testcase name="singelInputfield" time="0.547" classname="com.obsqura.TestNGAssignment.LocatorUsingContainsTextofAndOr"/>
  <testcase name="startsWith" time="0.548" classname="com.obsqura.TestNGAssignment.LocatorUsingContainsTextofAndOr"/>
  <testcase name="textOf" time="0.82" classname="com.obsqura.TestNGAssignment.LocatorUsingContainsTextofAndOr"/>
</testsuite> <!-- Default test -->
